<?xml version="1.0" encoding="UTF-8"?>
<!-- Generated by org.testng.reporters.JUnitReportReporter -->
<testsuite hostname="MinhHung" failures="0" tests="1" name="com.automation.testcase.AddProductInCart" time="14.320" errors="0" timestamp="2023-03-02T10:07:14 ICT" skipped="0">
  <testcase classname="com.automation.testcase.AddProductInCart" name="AddProduct" time="14.320"/>
  <system-out/>
</testsuite> <!-- com.automation.testcase.AddProductInCart -->
