<?xml version="1.0" encoding="UTF-8"?>
<!-- Generated by org.testng.reporters.JUnitReportReporter -->
<testsuite hostname="MinhHung" failures="0" tests="1" name="com.automation.testcase.SearchProduct" time="6.039" errors="0" timestamp="2023-03-02T10:07:14 ICT" skipped="0">
  <testcase classname="com.automation.testcase.SearchProduct" name="TC_SP" time="6.039"/>
  <system-out/>
</testsuite> <!-- com.automation.testcase.SearchProduct -->
