<?xml version="1.0" encoding="UTF-8"?>
<!-- Generated by org.testng.reporters.JUnitReportReporter -->
<testsuite hostname="MinhHung" failures="0" tests="1" name="com.automation.testcase.VerifyProductQuantityInCart" time="14.773" errors="0" timestamp="2023-02-10T16:34:45 ICT" skipped="0">
  <testcase classname="com.automation.testcase.VerifyProductQuantityInCart" name="TC_VerifyProductInCart" time="14.773"/>
  <system-out/>
</testsuite> <!-- com.automation.testcase.VerifyProductQuantityInCart -->
